<?xml version="1.0" encoding="UTF-8"?>
<!-- Generated by org.testng.reporters.JUnitReportReporter -->
<testsuite hostname="DESKTOP-LAC1TFK" failures="0" tests="4" name="com.example.sandbox.businessProcesses.PetLifeCycle" time="4.185" errors="0" timestamp="2023-11-30T17:26:19 CET" skipped="0">
  <testcase classname="com.example.sandbox.businessProcesses.PetLifeCycle" name="UpdatePet" time="0.592"/>
  <system-out/>
  <testcase classname="com.example.sandbox.businessProcesses.PetLifeCycle" name="CheckPetById" time="2.139"/>
  <system-out/>
  <testcase classname="com.example.sandbox.businessProcesses.PetLifeCycle" name="NewPetTest" time="0.855"/>
  <system-out/>
  <testcase classname="com.example.sandbox.businessProcesses.PetLifeCycle" name="DeletePet" time="0.599"/>
  <system-out/>
</testsuite> <!-- com.example.sandbox.businessProcesses.PetLifeCycle -->
