<?xml version="1.0" encoding="UTF-8"?>
<!-- Generated by org.testng.reporters.JUnitReportReporter -->
<testsuite hostname="DESKTOP-LAC1TFK" failures="0" tests="2" name="com.example.sandbox.getPetList.petListTest" time="3.223" errors="0" timestamp="2023-11-26T16:00:10 CET" skipped="0">
  <testcase classname="com.example.sandbox.getPetList.petListTest" name="Test1" time="2.322"/>
  <system-out/>
  <testcase classname="com.example.sandbox.getPetList.petListTest" name="Test2" time="0.901"/>
  <system-out/>
</testsuite> <!-- com.example.sandbox.getPetList.petListTest -->
